# JRE version: OpenJDK Runtime Environment (8.0_242-b01) (build 1.8.0_242-release-1644-b01)
# Java VM: OpenJDK 64-Bit Server VM (25.242-b01 mixed mode windows-amd64 compressed oops)
Heap:
 PSYoungGen      total 383488K, used 172118K [0x00000000d5580000, 0x00000000f2d80000, 0x0000000100000000)
  eden space 319488K, 48% used [0x00000000d5580000,0x00000000dee03f68,0x00000000e8d80000)
  from space 64000K, 24% used [0x00000000e8d80000,0x00000000e9d119e8,0x00000000ecc00000)
  to   space 61952K, 0% used [0x00000000ef100000,0x00000000ef100000,0x00000000f2d80000)
 ParOldGen       total 193024K, used 115923K [0x0000000080000000, 0x000000008bc80000, 0x00000000d5580000)
  object space 193024K, 60% used [0x0000000080000000,0x0000000087134f08,0x000000008bc80000)
 Metaspace       used 138365K, capacity 145992K, committed 146264K, reserved 1175552K
  class space    used 17786K, capacity 19217K, committed 19328K, reserved 1048576K
GC Heap History (10 events):
Event: 2629.815 GC heap before
{Heap before GC invocations=29 (full 4):
 PSYoungGen      total 315392K, used 315384K [0x00000000d5580000, 0x00000000ebf80000, 0x0000000100000000)
  eden space 284672K, 100% used [0x00000000d5580000,0x00000000e6b80000,0x00000000e6b80000)
  from space 30720K, 99% used [0x00000000e9100000,0x00000000eaefe148,0x00000000eaf00000)
  to   space 38400K, 0% used [0x00000000e6b80000,0x00000000e6b80000,0x00000000e9100000)
 ParOldGen       total 193024K, used 66552K [0x0000000080000000, 0x000000008bc80000, 0x00000000d5580000)
  object space 193024K, 34% used [0x0000000080000000,0x00000000840fe240,0x000000008bc80000)
 Metaspace       used 129404K, capacity 136256K, committed 136408K, reserved 1167360K
  class space    used 16845K, capacity 18104K, committed 18176K, reserved 1048576K
Event: 2629.855 GC heap after
Heap after GC invocations=29 (full 4):
 PSYoungGen      total 323072K, used 38392K [0x00000000d5580000, 0x00000000ed480000, 0x0000000100000000)
  eden space 284672K, 0% used [0x00000000d5580000,0x00000000d5580000,0x00000000e6b80000)
  from space 38400K, 99% used [0x00000000e6b80000,0x00000000e90fe080,0x00000000e9100000)
  to   space 45568K, 0% used [0x00000000ea800000,0x00000000ea800000,0x00000000ed480000)
 ParOldGen       total 193024K, used 70622K [0x0000000080000000, 0x000000008bc80000, 0x00000000d5580000)
  object space 193024K, 36% used [0x0000000080000000,0x00000000844f7a98,0x000000008bc80000)
 Metaspace       used 129404K, capacity 136256K, committed 136408K, reserved 1167360K
  class space    used 16845K, capacity 18104K, committed 18176K, reserved 1048576K
}
Event: 2631.339 GC heap before
{Heap before GC invocations=30 (full 4):
 PSYoungGen      total 323072K, used 323064K [0x00000000d5580000, 0x00000000ed480000, 0x0000000100000000)
  eden space 284672K, 100% used [0x00000000d5580000,0x00000000e6b80000,0x00000000e6b80000)
  from space 38400K, 99% used [0x00000000e6b80000,0x00000000e90fe080,0x00000000e9100000)
  to   space 45568K, 0% used [0x00000000ea800000,0x00000000ea800000,0x00000000ed480000)
 ParOldGen       total 193024K, used 70622K [0x0000000080000000, 0x000000008bc80000, 0x00000000d5580000)
  object space 193024K, 36% used [0x0000000080000000,0x00000000844f7a98,0x000000008bc80000)
 Metaspace       used 129932K, capacity 136856K, committed 136920K, reserved 1167360K
  class space    used 16891K, capacity 18146K, committed 18176K, reserved 1048576K
Event: 2631.382 GC heap after
Heap after GC invocations=30 (full 4):
 PSYoungGen      total 337920K, used 45560K [0x00000000d5580000, 0x00000000ef100000, 0x0000000100000000)
  eden space 292352K, 0% used [0x00000000d5580000,0x00000000d5580000,0x00000000e7300000)
  from space 45568K, 99% used [0x00000000ea800000,0x00000000ed47e2b8,0x00000000ed480000)
  to   space 54272K, 0% used [0x00000000e7300000,0x00000000e7300000,0x00000000ea800000)
 ParOldGen       total 193024K, used 74050K [0x0000000080000000, 0x000000008bc80000, 0x00000000d5580000)
  object space 193024K, 38% used [0x0000000080000000,0x0000000084850840,0x000000008bc80000)
 Metaspace       used 129932K, capacity 136856K, committed 136920K, reserved 1167360K
  class space    used 16891K, capacity 18146K, committed 18176K, reserved 1048576K
}
Event: 4331.635 GC heap before
{Heap before GC invocations=31 (full 4):
 PSYoungGen      total 337920K, used 337912K [0x00000000d5580000, 0x00000000ef100000, 0x0000000100000000)
  eden space 292352K, 100% used [0x00000000d5580000,0x00000000e7300000,0x00000000e7300000)
  from space 45568K, 99% used [0x00000000ea800000,0x00000000ed47e2b8,0x00000000ed480000)
  to   space 54272K, 0% used [0x00000000e7300000,0x00000000e7300000,0x00000000ea800000)
 ParOldGen       total 193024K, used 74050K [0x0000000080000000, 0x000000008bc80000, 0x00000000d5580000)
  object space 193024K, 38% used [0x0000000080000000,0x0000000084850840,0x000000008bc80000)
 Metaspace       used 136680K, capacity 144164K, committed 144216K, reserved 1175552K
  class space    used 17635K, capacity 19027K, committed 19072K, reserved 1048576K
Event: 4332.714 GC heap after
Heap after GC invocations=31 (full 4):
 PSYoungGen      total 346624K, used 54266K [0x00000000d5580000, 0x00000000f0d80000, 0x0000000100000000)
  eden space 292352K, 0% used [0x00000000d5580000,0x00000000d5580000,0x00000000e7300000)
  from space 54272K, 99% used [0x00000000e7300000,0x00000000ea7fe850,0x00000000ea800000)
  to   space 67072K, 0% used [0x00000000ecc00000,0x00000000ecc00000,0x00000000f0d80000)
 ParOldGen       total 193024K, used 86423K [0x0000000080000000, 0x000000008bc80000, 0x00000000d5580000)
  object space 193024K, 44% used [0x0000000080000000,0x0000000085465cc8,0x000000008bc80000)
 Metaspace       used 136680K, capacity 144164K, committed 144216K, reserved 1175552K
  class space    used 17635K, capacity 19027K, committed 19072K, reserved 1048576K
}
Event: 4335.823 GC heap before
{Heap before GC invocations=32 (full 4):
 PSYoungGen      total 346624K, used 346618K [0x00000000d5580000, 0x00000000f0d80000, 0x0000000100000000)
  eden space 292352K, 100% used [0x00000000d5580000,0x00000000e7300000,0x00000000e7300000)
  from space 54272K, 99% used [0x00000000e7300000,0x00000000ea7fe850,0x00000000ea800000)
  to   space 67072K, 0% used [0x00000000ecc00000,0x00000000ecc00000,0x00000000f0d80000)
 ParOldGen       total 193024K, used 86423K [0x0000000080000000, 0x000000008bc80000, 0x00000000d5580000)
  object space 193024K, 44% used [0x0000000080000000,0x0000000085465cc8,0x000000008bc80000)
 Metaspace       used 136803K, capacity 144332K, committed 144472K, reserved 1175552K
  class space    used 17639K, capacity 19059K, committed 19072K, reserved 1048576K
Event: 4336.014 GC heap after
Heap after GC invocations=32 (full 4):
 PSYoungGen      total 386560K, used 24179K [0x00000000d5580000, 0x00000000f1a00000, 0x0000000100000000)
  eden space 319488K, 0% used [0x00000000d5580000,0x00000000d5580000,0x00000000e8d80000)
  from space 67072K, 36% used [0x00000000ecc00000,0x00000000ee39cfd0,0x00000000f0d80000)
  to   space 64000K, 0% used [0x00000000e8d80000,0x00000000e8d80000,0x00000000ecc00000)
 ParOldGen       total 193024K, used 107941K [0x0000000080000000, 0x000000008bc80000, 0x00000000d5580000)
  object space 193024K, 55% used [0x0000000080000000,0x0000000086969758,0x000000008bc80000)
 Metaspace       used 136803K, capacity 144332K, committed 144472K, reserved 1175552K
  class space    used 17639K, capacity 19059K, committed 19072K, reserved 1048576K
}
Event: 4776.707 GC heap before
{Heap before GC invocations=33 (full 4):
 PSYoungGen      total 386560K, used 343667K [0x00000000d5580000, 0x00000000f1a00000, 0x0000000100000000)
  eden space 319488K, 100% used [0x00000000d5580000,0x00000000e8d80000,0x00000000e8d80000)
  from space 67072K, 36% used [0x00000000ecc00000,0x00000000ee39cfd0,0x00000000f0d80000)
  to   space 64000K, 0% used [0x00000000e8d80000,0x00000000e8d80000,0x00000000ecc00000)
 ParOldGen       total 193024K, used 107941K [0x0000000080000000, 0x000000008bc80000, 0x00000000d5580000)
  object space 193024K, 55% used [0x0000000080000000,0x0000000086969758,0x000000008bc80000)
 Metaspace       used 137156K, capacity 144708K, committed 144856K, reserved 1175552K
  class space    used 17674K, capacity 19073K, committed 19200K, reserved 1048576K
Event: 4776.919 GC heap after
Heap after GC invocations=33 (full 4):
 PSYoungGen      total 383488K, used 15942K [0x00000000d5580000, 0x00000000f2d80000, 0x0000000100000000)
  eden space 319488K, 0% used [0x00000000d5580000,0x00000000d5580000,0x00000000e8d80000)
  from space 64000K, 24% used [0x00000000e8d80000,0x00000000e9d119e8,0x00000000ecc00000)
  to   space 61952K, 0% used [0x00000000ef100000,0x00000000ef100000,0x00000000f2d80000)
 ParOldGen       total 193024K, used 115923K [0x0000000080000000, 0x000000008bc80000, 0x00000000d5580000)
  object space 193024K, 60% used [0x0000000080000000,0x0000000087134f08,0x000000008bc80000)
 Metaspace       used 137156K, capacity 144708K, committed 144856K, reserved 1175552K
  class space    used 17674K, capacity 19073K, committed 19200K, reserved 1048576K
}

